<?xml version="1.0" encoding="UTF-8"?>
<testsuites>
  <testsuite name="Feature" tests="44" assertions="209" errors="0" failures="0" skipped="0" time="6.300314">
    <testsuite name="Tests\Feature\BooksListTest" file="/home/wizimara/wizimara/laravel-apps/devskiller-code-D944-QWHQ-GA-S2T0/tests/Feature/BookListTest.php" tests="7" assertions="100" errors="0" failures="0" skipped="0" time="5.369319">
      <testcase name="testResponseStructure" class="Tests\Feature\BooksListTest" classname="Tests.Feature.BooksListTest" file="/home/wizimara/wizimara/laravel-apps/devskiller-code-D944-QWHQ-GA-S2T0/tests/Feature/BookListTest.php" line="14" assertions="76" time="5.098299"/>
      <testcase name="testListWithoutFilters" class="Tests\Feature\BooksListTest" classname="Tests.Feature.BooksListTest" file="/home/wizimara/wizimara/laravel-apps/devskiller-code-D944-QWHQ-GA-S2T0/tests/Feature/BookListTest.php" line="68" assertions="2" time="0.050998"/>
      <testcase name="testTitleFilter" class="Tests\Feature\BooksListTest" classname="Tests.Feature.BooksListTest" file="/home/wizimara/wizimara/laravel-apps/devskiller-code-D944-QWHQ-GA-S2T0/tests/Feature/BookListTest.php" line="88" assertions="4" time="0.024922"/>
      <testcase name="testAuthorsFilter" class="Tests\Feature\BooksListTest" classname="Tests.Feature.BooksListTest" file="/home/wizimara/wizimara/laravel-apps/devskiller-code-D944-QWHQ-GA-S2T0/tests/Feature/BookListTest.php" line="105" assertions="6" time="0.037733"/>
      <testcase name="testTitleSort" class="Tests\Feature\BooksListTest" classname="Tests.Feature.BooksListTest" file="/home/wizimara/wizimara/laravel-apps/devskiller-code-D944-QWHQ-GA-S2T0/tests/Feature/BookListTest.php" line="136" assertions="4" time="0.027007"/>
      <testcase name="testAvgReviewSort" class="Tests\Feature\BooksListTest" classname="Tests.Feature.BooksListTest" file="/home/wizimara/wizimara/laravel-apps/devskiller-code-D944-QWHQ-GA-S2T0/tests/Feature/BookListTest.php" line="153" assertions="4" time="0.060039"/>
      <testcase name="testPagination" class="Tests\Feature\BooksListTest" classname="Tests.Feature.BooksListTest" file="/home/wizimara/wizimara/laravel-apps/devskiller-code-D944-QWHQ-GA-S2T0/tests/Feature/BookListTest.php" line="184" assertions="4" time="0.070321"/>
    </testsuite>
    <testsuite name="Tests\Feature\BookPostTest" file="/home/wizimara/wizimara/laravel-apps/devskiller-code-D944-QWHQ-GA-S2T0/tests/Feature/BookPostTest.php" tests="25" assertions="74" errors="0" failures="0" skipped="0" time="0.624042">
      <testcase name="testDenyGuestAccess" class="Tests\Feature\BookPostTest" classname="Tests.Feature.BookPostTest" file="/home/wizimara/wizimara/laravel-apps/devskiller-code-D944-QWHQ-GA-S2T0/tests/Feature/BookPostTest.php" line="13" assertions="1" time="0.074477"/>
      <testcase name="testDenyNonAdminUserAccess" class="Tests\Feature\BookPostTest" classname="Tests.Feature.BookPostTest" file="/home/wizimara/wizimara/laravel-apps/devskiller-code-D944-QWHQ-GA-S2T0/tests/Feature/BookPostTest.php" line="27" assertions="1" time="0.014368"/>
      <testcase name="testSuccessfulPost" class="Tests\Feature\BookPostTest" classname="Tests.Feature.BookPostTest" file="/home/wizimara/wizimara/laravel-apps/devskiller-code-D944-QWHQ-GA-S2T0/tests/Feature/BookPostTest.php" line="44" assertions="6" time="0.087877"/>
      <testsuite name="Tests\Feature\BookPostTest::testValidation" tests="22" assertions="66" errors="0" failures="0" skipped="0" time="0.447320">
        <testcase name="testValidation with data set #0" class="Tests\Feature\BookPostTest" classname="Tests.Feature.BookPostTest" file="/home/wizimara/wizimara/laravel-apps/devskiller-code-D944-QWHQ-GA-S2T0/tests/Feature/BookPostTest.php" line="72" assertions="3" time="0.041052"/>
        <testcase name="testValidation with data set #1" class="Tests\Feature\BookPostTest" classname="Tests.Feature.BookPostTest" file="/home/wizimara/wizimara/laravel-apps/devskiller-code-D944-QWHQ-GA-S2T0/tests/Feature/BookPostTest.php" line="72" assertions="3" time="0.019595"/>
        <testcase name="testValidation with data set #2" class="Tests\Feature\BookPostTest" classname="Tests.Feature.BookPostTest" file="/home/wizimara/wizimara/laravel-apps/devskiller-code-D944-QWHQ-GA-S2T0/tests/Feature/BookPostTest.php" line="72" assertions="3" time="0.018226"/>
        <testcase name="testValidation with data set #3" class="Tests\Feature\BookPostTest" classname="Tests.Feature.BookPostTest" file="/home/wizimara/wizimara/laravel-apps/devskiller-code-D944-QWHQ-GA-S2T0/tests/Feature/BookPostTest.php" line="72" assertions="3" time="0.021159"/>
        <testcase name="testValidation with data set #4" class="Tests\Feature\BookPostTest" classname="Tests.Feature.BookPostTest" file="/home/wizimara/wizimara/laravel-apps/devskiller-code-D944-QWHQ-GA-S2T0/tests/Feature/BookPostTest.php" line="72" assertions="3" time="0.019790"/>
        <testcase name="testValidation with data set #5" class="Tests\Feature\BookPostTest" classname="Tests.Feature.BookPostTest" file="/home/wizimara/wizimara/laravel-apps/devskiller-code-D944-QWHQ-GA-S2T0/tests/Feature/BookPostTest.php" line="72" assertions="3" time="0.022064"/>
        <testcase name="testValidation with data set #6" class="Tests\Feature\BookPostTest" classname="Tests.Feature.BookPostTest" file="/home/wizimara/wizimara/laravel-apps/devskiller-code-D944-QWHQ-GA-S2T0/tests/Feature/BookPostTest.php" line="72" assertions="3" time="0.018259"/>
        <testcase name="testValidation with data set #7" class="Tests\Feature\BookPostTest" classname="Tests.Feature.BookPostTest" file="/home/wizimara/wizimara/laravel-apps/devskiller-code-D944-QWHQ-GA-S2T0/tests/Feature/BookPostTest.php" line="72" assertions="3" time="0.019276"/>
        <testcase name="testValidation with data set #8" class="Tests\Feature\BookPostTest" classname="Tests.Feature.BookPostTest" file="/home/wizimara/wizimara/laravel-apps/devskiller-code-D944-QWHQ-GA-S2T0/tests/Feature/BookPostTest.php" line="72" assertions="3" time="0.018320"/>
        <testcase name="testValidation with data set #9" class="Tests\Feature\BookPostTest" classname="Tests.Feature.BookPostTest" file="/home/wizimara/wizimara/laravel-apps/devskiller-code-D944-QWHQ-GA-S2T0/tests/Feature/BookPostTest.php" line="72" assertions="3" time="0.019364"/>
        <testcase name="testValidation with data set #10" class="Tests\Feature\BookPostTest" classname="Tests.Feature.BookPostTest" file="/home/wizimara/wizimara/laravel-apps/devskiller-code-D944-QWHQ-GA-S2T0/tests/Feature/BookPostTest.php" line="72" assertions="3" time="0.021535"/>
        <testcase name="testValidation with data set #11" class="Tests\Feature\BookPostTest" classname="Tests.Feature.BookPostTest" file="/home/wizimara/wizimara/laravel-apps/devskiller-code-D944-QWHQ-GA-S2T0/tests/Feature/BookPostTest.php" line="72" assertions="3" time="0.021978"/>
        <testcase name="testValidation with data set #12" class="Tests\Feature\BookPostTest" classname="Tests.Feature.BookPostTest" file="/home/wizimara/wizimara/laravel-apps/devskiller-code-D944-QWHQ-GA-S2T0/tests/Feature/BookPostTest.php" line="72" assertions="3" time="0.020981"/>
        <testcase name="testValidation with data set #13" class="Tests\Feature\BookPostTest" classname="Tests.Feature.BookPostTest" file="/home/wizimara/wizimara/laravel-apps/devskiller-code-D944-QWHQ-GA-S2T0/tests/Feature/BookPostTest.php" line="72" assertions="3" time="0.017951"/>
        <testcase name="testValidation with data set #14" class="Tests\Feature\BookPostTest" classname="Tests.Feature.BookPostTest" file="/home/wizimara/wizimara/laravel-apps/devskiller-code-D944-QWHQ-GA-S2T0/tests/Feature/BookPostTest.php" line="72" assertions="3" time="0.018929"/>
        <testcase name="testValidation with data set #15" class="Tests\Feature\BookPostTest" classname="Tests.Feature.BookPostTest" file="/home/wizimara/wizimara/laravel-apps/devskiller-code-D944-QWHQ-GA-S2T0/tests/Feature/BookPostTest.php" line="72" assertions="3" time="0.019432"/>
        <testcase name="testValidation with data set #16" class="Tests\Feature\BookPostTest" classname="Tests.Feature.BookPostTest" file="/home/wizimara/wizimara/laravel-apps/devskiller-code-D944-QWHQ-GA-S2T0/tests/Feature/BookPostTest.php" line="72" assertions="3" time="0.018069"/>
        <testcase name="testValidation with data set #17" class="Tests\Feature\BookPostTest" classname="Tests.Feature.BookPostTest" file="/home/wizimara/wizimara/laravel-apps/devskiller-code-D944-QWHQ-GA-S2T0/tests/Feature/BookPostTest.php" line="72" assertions="3" time="0.018115"/>
        <testcase name="testValidation with data set #18" class="Tests\Feature\BookPostTest" classname="Tests.Feature.BookPostTest" file="/home/wizimara/wizimara/laravel-apps/devskiller-code-D944-QWHQ-GA-S2T0/tests/Feature/BookPostTest.php" line="72" assertions="3" time="0.017830"/>
        <testcase name="testValidation with data set #19" class="Tests\Feature\BookPostTest" classname="Tests.Feature.BookPostTest" file="/home/wizimara/wizimara/laravel-apps/devskiller-code-D944-QWHQ-GA-S2T0/tests/Feature/BookPostTest.php" line="72" assertions="3" time="0.017967"/>
        <testcase name="testValidation with data set #20" class="Tests\Feature\BookPostTest" classname="Tests.Feature.BookPostTest" file="/home/wizimara/wizimara/laravel-apps/devskiller-code-D944-QWHQ-GA-S2T0/tests/Feature/BookPostTest.php" line="72" assertions="3" time="0.020905"/>
        <testcase name="testValidation with data set #21" class="Tests\Feature\BookPostTest" classname="Tests.Feature.BookPostTest" file="/home/wizimara/wizimara/laravel-apps/devskiller-code-D944-QWHQ-GA-S2T0/tests/Feature/BookPostTest.php" line="72" assertions="3" time="0.016523"/>
      </testsuite>
    </testsuite>
    <testsuite name="Tests\Feature\BookReviewTest" file="/home/wizimara/wizimara/laravel-apps/devskiller-code-D944-QWHQ-GA-S2T0/tests/Feature/BookReviewTest.php" tests="12" assertions="35" errors="0" failures="0" skipped="0" time="0.306953">
      <testcase name="testDenyGuestAccess" class="Tests\Feature\BookReviewTest" classname="Tests.Feature.BookReviewTest" file="/home/wizimara/wizimara/laravel-apps/devskiller-code-D944-QWHQ-GA-S2T0/tests/Feature/BookReviewTest.php" line="14" assertions="1" time="0.015025"/>
      <testcase name="testError404OnInvalidBookId" class="Tests\Feature\BookReviewTest" classname="Tests.Feature.BookReviewTest" file="/home/wizimara/wizimara/laravel-apps/devskiller-code-D944-QWHQ-GA-S2T0/tests/Feature/BookReviewTest.php" line="26" assertions="1" time="0.096548"/>
      <testcase name="testSuccessfulPost" class="Tests\Feature\BookReviewTest" classname="Tests.Feature.BookReviewTest" file="/home/wizimara/wizimara/laravel-apps/devskiller-code-D944-QWHQ-GA-S2T0/tests/Feature/BookReviewTest.php" line="40" assertions="6" time="0.028849"/>
      <testsuite name="Tests\Feature\BookReviewTest::testValidation" tests="9" assertions="27" errors="0" failures="0" skipped="0" time="0.166531">
        <testcase name="testValidation with data set #0" class="Tests\Feature\BookReviewTest" classname="Tests.Feature.BookReviewTest" file="/home/wizimara/wizimara/laravel-apps/devskiller-code-D944-QWHQ-GA-S2T0/tests/Feature/BookReviewTest.php" line="77" assertions="3" time="0.018110"/>
        <testcase name="testValidation with data set #1" class="Tests\Feature\BookReviewTest" classname="Tests.Feature.BookReviewTest" file="/home/wizimara/wizimara/laravel-apps/devskiller-code-D944-QWHQ-GA-S2T0/tests/Feature/BookReviewTest.php" line="77" assertions="3" time="0.015344"/>
        <testcase name="testValidation with data set #2" class="Tests\Feature\BookReviewTest" classname="Tests.Feature.BookReviewTest" file="/home/wizimara/wizimara/laravel-apps/devskiller-code-D944-QWHQ-GA-S2T0/tests/Feature/BookReviewTest.php" line="77" assertions="3" time="0.020030"/>
        <testcase name="testValidation with data set #3" class="Tests\Feature\BookReviewTest" classname="Tests.Feature.BookReviewTest" file="/home/wizimara/wizimara/laravel-apps/devskiller-code-D944-QWHQ-GA-S2T0/tests/Feature/BookReviewTest.php" line="77" assertions="3" time="0.019973"/>
        <testcase name="testValidation with data set #4" class="Tests\Feature\BookReviewTest" classname="Tests.Feature.BookReviewTest" file="/home/wizimara/wizimara/laravel-apps/devskiller-code-D944-QWHQ-GA-S2T0/tests/Feature/BookReviewTest.php" line="77" assertions="3" time="0.016750"/>
        <testcase name="testValidation with data set #5" class="Tests\Feature\BookReviewTest" classname="Tests.Feature.BookReviewTest" file="/home/wizimara/wizimara/laravel-apps/devskiller-code-D944-QWHQ-GA-S2T0/tests/Feature/BookReviewTest.php" line="77" assertions="3" time="0.018500"/>
        <testcase name="testValidation with data set #6" class="Tests\Feature\BookReviewTest" classname="Tests.Feature.BookReviewTest" file="/home/wizimara/wizimara/laravel-apps/devskiller-code-D944-QWHQ-GA-S2T0/tests/Feature/BookReviewTest.php" line="77" assertions="3" time="0.019263"/>
        <testcase name="testValidation with data set #7" class="Tests\Feature\BookReviewTest" classname="Tests.Feature.BookReviewTest" file="/home/wizimara/wizimara/laravel-apps/devskiller-code-D944-QWHQ-GA-S2T0/tests/Feature/BookReviewTest.php" line="77" assertions="3" time="0.019460"/>
        <testcase name="testValidation with data set #8" class="Tests\Feature\BookReviewTest" classname="Tests.Feature.BookReviewTest" file="/home/wizimara/wizimara/laravel-apps/devskiller-code-D944-QWHQ-GA-S2T0/tests/Feature/BookReviewTest.php" line="77" assertions="3" time="0.019101"/>
      </testsuite>
    </testsuite>
  </testsuite>
</testsuites>
